<?xml version="1.0" encoding="utf-8" standalone="yes"?><!DOCTYPE report PUBLIC "-//JACOCO//DTD Report 1.1//EN" "report.dtd"><report name="Server"><sessioninfo id="DESKTOP-LPI4OE6-907ad5c5" start="1671332032440" dump="1671332032857"/><sessioninfo id="DESKTOP-LPI4OE6-f5e2b842" start="1671332042433" dump="1671332042722"/><sessioninfo id="DESKTOP-LPI4OE6-1c2e0837" start="1671332316450" dump="1671332316899"/><sessioninfo id="DESKTOP-LPI4OE6-f705d1c" start="1671333074352" dump="1671333074667"/><sessioninfo id="DESKTOP-LPI4OE6-400922d" start="1671333512303" dump="1671333512717"/><sessioninfo id="DESKTOP-LPI4OE6-c6679663" start="1671333602445" dump="1671333602735"/><sessioninfo id="DESKTOP-LPI4OE6-fd23a693" start="1671333799937" dump="1671333800183"/><sessioninfo id="DESKTOP-LPI4OE6-8a6b7281" start="1671334358234" dump="1671334358535"/><sessioninfo id="DESKTOP-LPI4OE6-6e3e5888" start="1671334673729" dump="1671334674201"/><sessioninfo id="DESKTOP-LPI4OE6-6561b28f" start="1671335069566" dump="1671335069860"/><sessioninfo id="DESKTOP-LPI4OE6-af33cc26" start="1671335529552" dump="1671335529842"/><sessioninfo id="DESKTOP-LPI4OE6-8593bfaf" start="1671335751228" dump="1671335751641"/><sessioninfo id="DESKTOP-LPI4OE6-c0761f59" start="1671336299986" dump="1671336300750"/><sessioninfo id="DESKTOP-LPI4OE6-f8a15c13" start="1671336467017" dump="1671336467733"/><sessioninfo id="DESKTOP-LPI4OE6-25d66f81" start="1671337944178" dump="1671337944528"/><sessioninfo id="DESKTOP-LPI4OE6-8715ec59" start="1671338102900" dump="1671338103567"/><sessioninfo id="DESKTOP-LPI4OE6-18ffac90" start="1671338118330" dump="1671338118585"/><sessioninfo id="DESKTOP-LPI4OE6-daea7c65" start="1671338152112" dump="1671338152432"/><sessioninfo id="DESKTOP-LPI4OE6-74ba89a3" start="1671717533488" dump="1671717533796"/><sessioninfo id="DESKTOP-LPI4OE6-f800e83c" start="1671717559547" dump="1671717559866"/><sessioninfo id="DESKTOP-LPI4OE6-2b38e041" start="1671719061345" dump="1671719061591"/><sessioninfo id="DESKTOP-LPI4OE6-b13a8eab" start="1671719117273" dump="1671719117548"/><sessioninfo id="DESKTOP-LPI4OE6-6176c786" start="1671721902240" dump="1671721902652"/><sessioninfo id="DESKTOP-LPI4OE6-ec50a1bf" start="1671721921409" dump="1671721921665"/><sessioninfo id="DESKTOP-LPI4OE6-3d8b16e4" start="1671722043085" dump="1671722043345"/><sessioninfo id="DESKTOP-LPI4OE6-b4476756" start="1671722311522" dump="1671722311905"/><sessioninfo id="DESKTOP-LPI4OE6-11c9f3bd" start="1671722966551" dump="1671722967253"/><sessioninfo id="DESKTOP-LPI4OE6-b18e3fd6" start="1671723154973" dump="1671723155282"/><sessioninfo id="DESKTOP-LPI4OE6-6ad44514" start="1671723357888" dump="1671723358264"/><sessioninfo id="DESKTOP-LPI4OE6-8f77f80" start="1671723399014" dump="1671723399284"/><sessioninfo id="DESKTOP-LPI4OE6-972b2ec8" start="1671723726447" dump="1671723727048"/><sessioninfo id="DESKTOP-LPI4OE6-1305387a" start="1671723734677" dump="1671723734951"/><sessioninfo id="DESKTOP-LPI4OE6-c8e2c214" start="1671723753237" dump="1671723753519"/><sessioninfo id="DESKTOP-LPI4OE6-b42e9ca7" start="1671723821570" dump="1671723821862"/><sessioninfo id="DESKTOP-LPI4OE6-fd59acf2" start="1671723972554" dump="1671723972905"/><sessioninfo id="DESKTOP-LPI4OE6-3cdaeec1" start="1671724099180" dump="1671724099605"/><sessioninfo id="DESKTOP-LPI4OE6-8e071181" start="1671724361817" dump="1671724362207"/><sessioninfo id="DESKTOP-LPI4OE6-a66b51fa" start="1671724409010" dump="1671724409285"/><sessioninfo id="DESKTOP-LPI4OE6-33013338" start="1671724580255" dump="1671724580992"/><sessioninfo id="DESKTOP-LPI4OE6-3a89e449" start="1671724588621" dump="1671724589173"/><sessioninfo id="DESKTOP-LPI4OE6-fe80f0ab" start="1671724599565" dump="1671724599838"/><sessioninfo id="DESKTOP-LPI4OE6-7840a6a3" start="1671724804990" dump="1671724805608"/><sessioninfo id="DESKTOP-LPI4OE6-45d25c29" start="1671724964325" dump="1671724964720"/><sessioninfo id="DESKTOP-LPI4OE6-10cf5624" start="1671725013546" dump="1671725013828"/><sessioninfo id="DESKTOP-LPI4OE6-5a9073d4" start="1671725250765" dump="1671725251558"/><sessioninfo id="DESKTOP-LPI4OE6-7170746d" start="1671725449092" dump="1671725449791"/><sessioninfo id="DESKTOP-LPI4OE6-406b5743" start="1671725538744" dump="1671725539003"/><package name="com/example"><class name="com/example/Greeter" sourcefilename="Greeter.java"><method name="&lt;init&gt;" desc="()V" line="11"><counter type="INSTRUCTION" missed="0" covered="3"/><counter type="LINE" missed="0" covered="2"/><counter type="COMPLEXITY" missed="0" covered="1"/><counter type="METHOD" missed="0" covered="1"/></method><method name="greet" desc="(Ljava/lang/String;)Ljava/lang/String;" line="17"><counter type="INSTRUCTION" missed="0" covered="9"/><counter type="LINE" missed="0" covered="1"/><counter type="COMPLEXITY" missed="0" covered="1"/><counter type="METHOD" missed="0" covered="1"/></method><counter type="INSTRUCTION" missed="0" covered="12"/><counter type="LINE" missed="0" covered="3"/><counter type="COMPLEXITY" missed="0" covered="2"/><counter type="METHOD" missed="0" covered="2"/><counter type="CLASS" missed="0" covered="1"/></class><sourcefile name="Greeter.java"><line nr="11" mi="0" ci="2" mb="0" cb="0"/><line nr="13" mi="0" ci="1" mb="0" cb="0"/><line nr="17" mi="0" ci="9" mb="0" cb="0"/><counter type="INSTRUCTION" missed="0" covered="12"/><counter type="LINE" missed="0" covered="3"/><counter type="COMPLEXITY" missed="0" covered="2"/><counter type="METHOD" missed="0" covered="2"/><counter type="CLASS" missed="0" covered="1"/></sourcefile><counter type="INSTRUCTION" missed="0" covered="12"/><counter type="LINE" missed="0" covered="3"/><counter type="COMPLEXITY" missed="0" covered="2"/><counter type="METHOD" missed="0" covered="2"/><counter type="CLASS" missed="0" covered="1"/></package><counter type="INSTRUCTION" missed="0" covered="12"/><counter type="LINE" missed="0" covered="3"/><counter type="COMPLEXITY" missed="0" covered="2"/><counter type="METHOD" missed="0" covered="2"/><counter type="CLASS" missed="0" covered="1"/></report>